[2/10/2014 10:53:22 PM] Starting in H:\Fonline_Reloaded\Tools\WorldEditor
[2/10/2014 10:53:22 PM] Loading config
[2/10/2014 10:53:22 PM]    OS version: Microsoft Windows NT 6.1.7601 Service Pack 1 64-bit
   .NET CLR version: 4.0.30319.1008
   .NET installed versions:
       2.0 (SP 2) - 2.0.50727.5420
       3.0 (SP 2) - 3.0.30729.5420
       3.5 (SP 1) - 3.5.30729.5420
       4.0 Client Profile
       4.0 Full Profile

[2/10/2014 10:53:22 PM] Loading UI Settings
[2/10/2014 10:53:22 PM] Loaded UI Settings
[2/10/2014 10:53:22 PM] Starting script thread...
[2/10/2014 10:53:22 PM] Loading resources async...
[2/10/2014 10:53:22 PM] Loading graphics\worldmap.png
[2014-02-10 22:53:22] Found 921 PIDs in ITEMPID.H
[2014-02-10 22:53:22] Loading param defines.
[2/10/2014 10:53:22 PM] Loading ITEMPID.H
[2/10/2014 10:53:22 PM] Clearing controls
[2/10/2014 10:53:22 PM] Loaded game data.
[2/10/2014 10:53:22 PM] Main form loaded.
[2014-02-10 22:53:22] Loading zones from worldmap.fowm...
[2014-02-10 22:53:23] Loaded maps and location data.
[2/10/2014 11:01:40 PM] Launching QuitPrompt()
[2/10/2014 11:01:40 PM] Saving UI Settings
[2/10/2014 11:01:40 PM] Saved UI Settings
